<?xml version="1.0" encoding="UTF-8"?>
<testsuite xmlns:xsi="http://www.w3.org/2001/XMLSchema-instance" xsi:schemaLocation="https://maven.apache.org/surefire/maven-surefire-plugin/xsd/surefire-test-report.xsd" name="com.example.demo.controllers.UserControllerTest" time="0.033" tests="3" errors="0" skipped="0" failures="0">
  <properties>
[...]
</properties>
  <testcase name="testFindById" classname="com.example.demo.controllers.UserControllerTest" time="0.005"/>
  <testcase name="testFindByUserName" classname="com.example.demo.controllers.UserControllerTest" time="0.002"/>
  <testcase name="createUserHappyPath" classname="com.example.demo.controllers.UserControllerTest" time="0.002"/>
</testsuite>